 CG   3612 ASN   117 -  OP1   794   C   638    3.981
 OD1  3613 ASN   117 -  OP1   794   C   638    3.847
 ND2  3614 ASN   117 -  P     793   C   638    4.203
 ND2  3614 ASN   117 -  OP1   794   C   638    3.393
 ND2  3614 ASN   117 -  OP2   795   C   638    3.873
 CG   3627 ARG   119 -  OP1   794   C   638    3.927
 CG   3627 ARG   119 -  O5'   796   C   638    3.860
 CG   3627 ARG   119 -  C5'   797   C   638    4.079
 CD   3628 ARG   119 -  O2'   739   U   635    4.193
 CD   3628 ARG   119 -  C4'   754   C   636    4.120
 CD   3628 ARG   119 -  O4'   755   C   636    3.968
 CD   3628 ARG   119 -  P     793   C   638    3.538
 CD   3628 ARG   119 -  OP1   794   C   638    3.585
 CD   3628 ARG   119 -  OP2   795   C   638    3.587
 CD   3628 ARG   119 -  O5'   796   C   638    2.874
 CD   3628 ARG   119 -  C5'   797   C   638    3.514
 CD   3628 ARG   119 -  C4'   798   C   638    4.199
 CD   3628 ARG   119 -  O4'   799   C   638    3.713
 NE   3629 ARG   119 -  C4'   754   C   636    4.212
 NE   3629 ARG   119 -  O4'   755   C   636    3.754
 NE   3629 ARG   119 -  C1'   760   C   636    4.192
 NE   3629 ARG   119 -  P     793   C   638    3.877
 NE   3629 ARG   119 -  OP1   794   C   638    4.023
 NE   3629 ARG   119 -  OP2   795   C   638    3.349
 NE   3629 ARG   119 -  O5'   796   C   638    3.652
 CZ   3630 ARG   119 -  O4'   755   C   636    3.760
 CZ   3630 ARG   119 -  C1'   760   C   636    4.025
 NH1  3631 ARG   119 -  C2'   738   U   635    4.236
 NH1  3631 ARG   119 -  O2'   739   U   635    4.134
 NH1  3631 ARG   119 -  C2    742   U   635    3.884
 NH1  3631 ARG   119 -  O2    743   U   635    3.260
 NH1  3631 ARG   119 -  O4'   755   C   636    3.923
 NH2  3632 ARG   119 -  O4'   755   C   636    4.252
 NH2  3632 ARG   119 -  C1'   760   C   636    4.055
 C    3635 GLN   120 -  C4    809   C   638    4.152
 C    3635 GLN   120 -  N4    810   C   638    3.390
 O    3636 GLN   120 -  C4    809   C   638    3.351
 O    3636 GLN   120 -  N4    810   C   638    2.433
 O    3636 GLN   120 -  C5    811   C   638    3.814
 N    3642 GLN   121 -  N4    810   C   638    3.842
 CA   3643 GLN   121 -  N4    810   C   638    3.489
 C    3644 GLN   121 -  N4    810   C   638    4.199
 O    3645 GLN   121 -  N4    810   C   638    3.935
 CB   3646 GLN   121 -  OP1   707   G   634    3.092
 CG   3647 GLN   121 -  OP1   707   G   634    3.529
 CD   3648 GLN   121 -  O4'   735   U   635    3.842
 CD   3648 GLN   121 -  C1'   740   U   635    4.182
 CD   3648 GLN   121 -  C2    806   C   638    4.025
 CD   3648 GLN   121 -  O2    807   C   638    4.264
 CD   3648 GLN   121 -  N3    808   C   638    3.413
 CD   3648 GLN   121 -  C4    809   C   638    3.870
 CD   3648 GLN   121 -  N4    810   C   638    3.974
 OE1  3649 GLN   121 -  N1    805   C   638    4.179
 OE1  3649 GLN   121 -  C2    806   C   638    3.430
 OE1  3649 GLN   121 -  O2    807   C   638    3.998
 OE1  3649 GLN   121 -  N3    808   C   638    2.585
 OE1  3649 GLN   121 -  C4    809   C   638    2.740
 OE1  3649 GLN   121 -  N4    810   C   638    2.812
 OE1  3649 GLN   121 -  C5    811   C   638    3.686
 OE1  3649 GLN   121 -  C6    812   C   638    4.284
 NE2  3650 GLN   121 -  O4'   712   G   634    4.165
 NE2  3650 GLN   121 -  C5'   733   U   635    4.132
 NE2  3650 GLN   121 -  C4'   734   U   635    3.108
 NE2  3650 GLN   121 -  O4'   735   U   635    2.546
 NE2  3650 GLN   121 -  C3'   736   U   635    4.160
 NE2  3650 GLN   121 -  C2'   738   U   635    3.839
 NE2  3650 GLN   121 -  O2'   739   U   635    3.548
 NE2  3650 GLN   121 -  C1'   740   U   635    3.081
 NE2  3650 GLN   121 -  C2    806   C   638    3.803
 NE2  3650 GLN   121 -  O2    807   C   638    3.700
 NE2  3650 GLN   121 -  N3    808   C   638    3.625
 CD1  3673 LEU   125 -  N7    720   G   634    4.202
 CD2  3674 LEU   125 -  O2'   696   U   633    3.272
 CD2  3674 LEU   125 -  OP1   707   G   634    3.987
 CD2  3674 LEU   125 -  O4'   712   G   634    3.519
 CD2  3674 LEU   125 -  C1'   717   G   634    3.905
 CD2  3674 LEU   125 -  N9    718   G   634    3.590
 CD2  3674 LEU   125 -  C8    719   G   634    3.217
 CD2  3674 LEU   125 -  N7    720   G   634    3.743
 CD2  3674 LEU   125 -  C4    728   G   634    4.297
 CB   3684 PHE   127 -  O2    743   U   635    3.322
 CG   3685 PHE   127 -  C2    742   U   635    3.701
 CG   3685 PHE   127 -  O2    743   U   635    2.706
 CG   3685 PHE   127 -  N3    744   U   635    4.084
 CD1  3686 PHE   127 -  C2    742   U   635    3.847
 CD1  3686 PHE   127 -  O2    743   U   635    2.881
 CD2  3687 PHE   127 -  C2    742   U   635    3.492
 CD2  3687 PHE   127 -  O2    743   U   635    2.882
 CD2  3687 PHE   127 -  N3    744   U   635    3.389
 CE1  3688 PHE   127 -  C1'   717   G   634    4.168
 CE1  3688 PHE   127 -  C2    742   U   635    3.801
 CE1  3688 PHE   127 -  O2    743   U   635    3.204
 CE2  3689 PHE   127 -  N1    724   G   634    4.241
 CE2  3689 PHE   127 -  C2    725   G   634    3.618
 CE2  3689 PHE   127 -  N2    726   G   634    3.815
 CE2  3689 PHE   127 -  N3    727   G   634    3.514
 CE2  3689 PHE   127 -  C4    728   G   634    4.044
 CE2  3689 PHE   127 -  C2    742   U   635    3.449
 CE2  3689 PHE   127 -  O2    743   U   635    3.214
 CE2  3689 PHE   127 -  N3    744   U   635    3.163
 CE2  3689 PHE   127 -  C4    745   U   635    4.119
 CZ   3690 PHE   127 -  C1'   717   G   634    3.840
 CZ   3690 PHE   127 -  N9    718   G   634    3.674
 CZ   3690 PHE   127 -  C5    721   G   634    4.019
 CZ   3690 PHE   127 -  C2    725   G   634    3.757
 CZ   3690 PHE   127 -  N3    727   G   634    3.233
 CZ   3690 PHE   127 -  C4    728   G   634    3.364
 CZ   3690 PHE   127 -  C2    742   U   635    3.607
 CZ   3690 PHE   127 -  O2    743   U   635    3.360
 CZ   3690 PHE   127 -  N3    744   U   635    3.692
 CD   3776 GLN   138 -  O4    746   U   635    3.995
 OE1  3777 GLN   138 -  N3    744   U   635    3.555
 OE1  3777 GLN   138 -  C4    745   U   635    4.159
 OE1  3777 GLN   138 -  O4    746   U   635    3.862
 NE2  3778 GLN   138 -  N2    726   G   634    4.100
 NE2  3778 GLN   138 -  O4    746   U   635    3.542
 CD2  3790 LEU   140 -  C5    721   G   634    4.100
 CD2  3790 LEU   140 -  C6    722   G   634    3.510
 CD2  3790 LEU   140 -  O6    723   G   634    3.677
 CD2  3790 LEU   140 -  N1    724   G   634    3.474
 CD2  3790 LEU   140 -  C2    725   G   634    4.019
 CE   3805 LYS   142 -  O2    700   U   633    3.760
 NZ   3806 LYS   142 -  C1'   697   U   633    4.281
 NZ   3806 LYS   142 -  C2    699   U   633    3.933
 NZ   3806 LYS   142 -  O2    700   U   633    2.770
 NZ   3806 LYS   142 -  N7    720   G   634    3.974
 CE   3902 LYS   155 -  OP1   624   G   630    4.279
 CE   3902 LYS   155 -  OP2   625   G   630    4.269
 NZ   3903 LYS   155 -  P     623   G   630    3.815
 NZ   3903 LYS   155 -  OP1   624   G   630    2.909
 NZ   3903 LYS   155 -  OP2   625   G   630    3.556
 CD1  3955 LEU   162 -  OP1   558   G   627    4.248
 CG2  4056 VAL   175 -  N2    726   G   634    4.227
 O    4068 GLU   177 -  N4    766   C   636    3.781
 OE1  4072 GLU   177 -  N4    766   C   636    3.343
 C    4076 PRO   178 -  N4    766   C   636    3.727
 O    4077 PRO   178 -  N3    764   C   636    3.702
 O    4077 PRO   178 -  C4    765   C   636    3.683
 O    4077 PRO   178 -  N4    766   C   636    2.777
 N    4081 ILE   179 -  N3    764   C   636    4.263
 N    4081 ILE   179 -  N4    766   C   636    4.164
 CA   4082 ILE   179 -  C2    762   C   636    4.029
 CA   4082 ILE   179 -  O2    763   C   636    4.086
 CA   4082 ILE   179 -  N3    764   C   636    3.189
 CA   4082 ILE   179 -  C4    765   C   636    3.868
 CA   4082 ILE   179 -  N4    766   C   636    3.788
 C    4083 ILE   179 -  C2    762   C   636    4.040
 C    4083 ILE   179 -  O2    763   C   636    3.691
 C    4083 ILE   179 -  N3    764   C   636    3.509
 CB   4085 ILE   179 -  N3    764   C   636    3.874
 CG1  4086 ILE   179 -  O4    746   U   635    4.145
 CG1  4086 ILE   179 -  N3    764   C   636    4.210
 CG2  4087 ILE   179 -  C2    762   C   636    3.737
 CG2  4087 ILE   179 -  O2    763   C   636    3.483
 CG2  4087 ILE   179 -  N3    764   C   636    3.696
 N    4089 LYS   180 -  C2    762   C   636    3.286
 N    4089 LYS   180 -  O2    763   C   636    2.866
 N    4089 LYS   180 -  N3    764   C   636    2.900
 N    4089 LYS   180 -  C4    765   C   636    4.094
 CA   4090 LYS   180 -  C2    762   C   636    4.025
 CA   4090 LYS   180 -  O2    763   C   636    3.285
 CA   4090 LYS   180 -  N3    764   C   636    3.980
 C    4091 LYS   180 -  O2    763   C   636    3.356
 CB   4093 LYS   180 -  C2    762   C   636    3.925
 CB   4093 LYS   180 -  O2    763   C   636    3.320
 CB   4093 LYS   180 -  N3    764   C   636    4.008
 CG   4094 LYS   180 -  O2    763   C   636    4.224
 CG   4094 LYS   180 -  N3    764   C   636    4.113
 N    4098 SER   181 -  C2    762   C   636    3.757
 N    4098 SER   181 -  O2    763   C   636    2.604
 CA   4099 SER   181 -  O2    763   C   636    3.594
 CB   4102 SER   181 -  C2'   758   C   636    4.116
 CB   4102 SER   181 -  O2'   759   C   636    3.357
 CB   4102 SER   181 -  O2    763   C   636    3.514
 OG   4103 SER   181 -  C2'   758   C   636    3.565
 OG   4103 SER   181 -  O2'   759   C   636    3.043
 OG   4103 SER   181 -  C1'   760   C   636    3.519
 OG   4103 SER   181 -  N1    761   C   636    4.087
 OG   4103 SER   181 -  C2    762   C   636    3.769
 OG   4103 SER   181 -  O2    763   C   636    2.902
 CD   4154 GLU   188 -  N1    724   G   634    4.180
 CD   4154 GLU   188 -  N2    726   G   634    3.774
 OE1  4155 GLU   188 -  N1    724   G   634    3.965
 OE1  4155 GLU   188 -  C2    725   G   634    3.865
 OE1  4155 GLU   188 -  N2    726   G   634    3.036
 OE2  4156 GLU   188 -  N1    724   G   634    3.654
 OE2  4156 GLU   188 -  C2    725   G   634    4.292
 OE2  4156 GLU   188 -  N2    726   G   634    3.975
 CB   4267 GLU   202 -  O3'   565   G   627    3.645
 CB   4267 GLU   202 -  P     580   G   628    4.026
 CB   4267 GLU   202 -  OP1   581   G   628    3.526
 CG   4268 GLU   202 -  O3'   565   G   627    3.893
 CG   4268 GLU   202 -  P     580   G   628    4.187
 CG   4268 GLU   202 -  OP1   581   G   628    3.501
 CD   4269 GLU   202 -  O3'   565   G   627    3.909
 CD   4269 GLU   202 -  O2'   567   G   627    4.235
 CD   4269 GLU   202 -  C5'   584   G   628    4.283
 OE1  4270 GLU   202 -  C3'   564   G   627    4.205
 OE1  4270 GLU   202 -  O3'   565   G   627    3.196
 OE1  4270 GLU   202 -  C2'   566   G   627    4.250
 OE1  4270 GLU   202 -  O2'   567   G   627    3.134
 OE1  4270 GLU   202 -  P     580   G   628    4.087
 OE1  4270 GLU   202 -  OP1   581   G   628    4.120
 OE1  4270 GLU   202 -  O5'   583   G   628    4.126
 OE1  4270 GLU   202 -  C5'   584   G   628    3.352
 CB   4276 ALA   203 -  O2'   544   G   626    4.138
 CB   4276 ALA   203 -  C4'   562   G   627    4.040
 CB   4276 ALA   203 -  O4'   563   G   627    4.231
 CA   4286 PRO   205 -  O2'   202   G   610    3.444
 CB   4289 PRO   205 -  O2'   202   G   610    3.278
 CG   4290 PRO   205 -  O2'   202   G   610    4.112
 O    4295 ILE   206 -  O2'   225   U   611    4.134
 CD1  4306 LEU   207 -  C4'   539   G   626    4.082
 CD2  4307 LEU   207 -  N2    212   G   610    3.777
 CD2  4307 LEU   207 -  O2'   544   G   626    4.253
 CB   4329 ASP   210 -  O2'   225   U   611    4.204
 OD1  4331 ASP   210 -  O2'   524   U   625    4.044
 OD2  4332 ASP   210 -  O2'   225   U   611    3.484
 OD2  4332 ASP   210 -  O2    229   U   611    3.913
 OD2  4332 ASP   210 -  O2'   524   U   625    4.195
 CD2  4419 LEU   223 -  O2'   502   A   624    4.282
 CD2  4419 LEU   223 -  C5'   518   U   625    3.565
 CD2  4419 LEU   223 -  C4'   519   U   625    3.877
 CA   4421 PRO   224 -  O4'   241   U   612    4.082
 CB   4424 PRO   224 -  C4'   240   U   612    4.013
 CB   4424 PRO   224 -  O4'   241   U   612    3.022
 CB   4424 PRO   224 -  C1'   246   U   612    3.340
 CB   4424 PRO   224 -  N1    247   U   612    4.294
 CG   4425 PRO   224 -  O4'   241   U   612    4.155
 N    4427 VAL   225 -  C4'   240   U   612    4.033
 N    4427 VAL   225 -  O4'   241   U   612    4.128
 C    4429 VAL   225 -  C5'   239   U   612    3.749
 C    4429 VAL   225 -  C4'   240   U   612    3.959
 O    4430 VAL   225 -  C5'   239   U   612    3.133
 O    4430 VAL   225 -  C4'   240   U   612    3.241
 O    4430 VAL   225 -  O4'   241   U   612    4.240
 O    4430 VAL   225 -  O3'   243   U   612    4.135
 N    4434 VAL   226 -  C5'   239   U   612    4.045
 CA   4435 VAL   226 -  O3'   223   U   611    4.247
 CA   4435 VAL   226 -  OP1   236   U   612    3.867
 CA   4435 VAL   226 -  C5'   239   U   612    3.775
 C    4436 VAL   226 -  OP1   236   U   612    3.928
 CG1  4439 VAL   226 -  O3'   223   U   611    3.876
 CG1  4439 VAL   226 -  OP1   236   U   612    3.584
 N    4441 ASN   227 -  OP1   236   U   612    3.072
 N    4441 ASN   227 -  C5'   239   U   612    4.163
 CA   4442 ASN   227 -  OP1   236   U   612    3.967
 CB   4445 ASN   227 -  OP1   236   U   612    3.755
 CG   4446 ASN   227 -  OP1   236   U   612    3.783
 OD1  4447 ASN   227 -  OP1   236   U   612    3.974
 OD1  4447 ASN   227 -  O5'   238   U   612    4.187
 OD1  4447 ASN   227 -  C5'   239   U   612    3.969
 OD1  4447 ASN   227 -  O3'   243   U   612    3.720
 CD2  4456 LEU   228 -  OP1  1431   C   669    3.838
 CB   4461 ASP   229 -  C4'  1412   G   668    4.283
 CB   4461 ASP   229 -  O3'  1415   G   668    4.055
 CG   4462 ASP   229 -  C5'  1411   G   668    3.658
 CG   4462 ASP   229 -  C4'  1412   G   668    4.007
 OD1  4463 ASP   229 -  C5'  1411   G   668    4.284
 OD2  4464 ASP   229 -  OP1  1408   G   668    4.072
 OD2  4464 ASP   229 -  O5'  1410   G   668    4.213
 OD2  4464 ASP   229 -  C5'  1411   G   668    3.020
 OD2  4464 ASP   229 -  C4'  1412   G   668    3.766
 OD2  4464 ASP   229 -  O3'  1415   G   668    4.245
 CB   4469 THR   230 -  OP1   236   U   612    3.691
 OG1  4470 THR   230 -  O3'   223   U   611    3.944
 OG1  4470 THR   230 -  P     235   U   612    3.882
 OG1  4470 THR   230 -  OP1   236   U   612    2.774
 CG2  4471 THR   230 -  P     235   U   612    4.278
 CG2  4471 THR   230 -  OP1   236   U   612    3.483
 CG2  4471 THR   230 -  OP2   237   U   612    3.978
 CE   4979 LYS   293 -  OP1  1606   U   601    3.910
 NZ   4980 LYS   293 -  OP1  1606   U   601    4.071
 CZ   5241 ARG   325 -  O2'  1571   C   675    4.153
 NH1  5242 ARG   325 -  O3'  1569   C   675    3.362
 NH1  5242 ARG   325 -  O2'  1571   C   675    3.527
 NH1  5242 ARG   325 -  P    1581   A   676    3.991
 NH1  5242 ARG   325 -  OP1  1582   A   676    3.617
 CD   5255 GLU   327 -  N2   1538   G   673    3.362
 OE1  5256 GLU   327 -  C2   1537   G   673    3.872
 OE1  5256 GLU   327 -  N2   1538   G   673    2.781
 OE1  5256 GLU   327 -  O4'  1547   C   674    4.279
 OE1  5256 GLU   327 -  O2'  1551   C   674    3.997
 OE1  5256 GLU   327 -  C1'  1552   C   674    3.795
 OE1  5256 GLU   327 -  O2   1555   C   674    3.687
 OE2  5257 GLU   327 -  C2   1537   G   673    4.295
 OE2  5257 GLU   327 -  N2   1538   G   673    3.357
 OE2  5257 GLU   327 -  O4'  1547   C   674    4.074
 C    5260 ASN   328 -  C4     18   U   601    4.231
 C    5260 ASN   328 -  C5     20   U   601    4.039
 C    5260 ASN   328 -  N2   1538   G   673    4.185
 O    5261 ASN   328 -  N1     14   U   601    4.096
 O    5261 ASN   328 -  C2     15   U   601    4.060
 O    5261 ASN   328 -  N3     17   U   601    3.760
 O    5261 ASN   328 -  C4     18   U   601    3.573
 O    5261 ASN   328 -  O4     19   U   601    3.994
 O    5261 ASN   328 -  C5     20   U   601    3.620
 O    5261 ASN   328 -  C6     21   U   601    3.883
 O    5261 ASN   328 -  N2   1538   G   673    3.421
 CB   5262 ASN   328 -  O4'     8   U   601    4.253
 CB   5262 ASN   328 -  C5     20   U   601    4.245
 CB   5262 ASN   328 -  C6     21   U   601    3.913
 CG   5263 ASN   328 -  OP1     3   U   601    3.836
 CG   5263 ASN   328 -  O4'     8   U   601    3.995
 CG   5263 ASN   328 -  N1     14   U   601    4.289
 CG   5263 ASN   328 -  C5     20   U   601    3.675
 CG   5263 ASN   328 -  C6     21   U   601    3.389
 OD1  5264 ASN   328 -  OP1     3   U   601    4.010
 OD1  5264 ASN   328 -  C5     20   U   601    3.528
 OD1  5264 ASN   328 -  C6     21   U   601    3.675
 ND2  5265 ASN   328 -  P       2   U   601    3.709
 ND2  5265 ASN   328 -  OP1     3   U   601    2.830
 ND2  5265 ASN   328 -  O5'     5   U   601    3.448
 ND2  5265 ASN   328 -  C5'     6   U   601    3.889
 ND2  5265 ASN   328 -  C4'     7   U   601    4.158
 ND2  5265 ASN   328 -  O4'     8   U   601    3.257
 ND2  5265 ASN   328 -  C1'    13   U   601    4.274
 ND2  5265 ASN   328 -  N1     14   U   601    4.221
 ND2  5265 ASN   328 -  C5     20   U   601    4.058
 ND2  5265 ASN   328 -  C6     21   U   601    3.403
 CA   5267 SER   329 -  C4     18   U   601    4.142
 CA   5267 SER   329 -  O4     19   U   601    3.708
 CA   5267 SER   329 -  N2   1538   G   673    4.000
 C    5268 SER   329 -  O4     19   U   601    3.668
 CB   5270 SER   329 -  N1   1536   G   673    3.886
 CB   5270 SER   329 -  C2   1537   G   673    4.242
 CB   5270 SER   329 -  N2   1538   G   673    3.569
 OG   5271 SER   329 -  N1   1536   G   673    3.422
 OG   5271 SER   329 -  C2   1537   G   673    3.411
 OG   5271 SER   329 -  N2   1538   G   673    2.490
 OG   5271 SER   329 -  O2   1555   C   674    3.693
 N    5272 ASN   330 -  C4     18   U   601    3.631
 N    5272 ASN   330 -  O4     19   U   601    2.737
 N    5272 ASN   330 -  C5     20   U   601    4.010
 CA   5273 ASN   330 -  O4     19   U   601    3.582
 C    5274 ASN   330 -  O4     19   U   601    3.894
 O    5275 ASN   330 -  O4     19   U   601    3.392
 O    5275 ASN   330 -  N6   1513   A   672    3.485
 CB   5276 ASN   330 -  O4     19   U   601    3.501
 CB   5284 THR   331 -  O6   1535   G   673    4.282
 OG1  5285 THR   331 -  N6   1513   A   672    3.540
 OG1  5285 THR   331 -  C6   1534   G   673    4.139
 OG1  5285 THR   331 -  O6   1535   G   673    3.265
 CD2  5294 HIS   332 -  OP2  1475   G   671    3.891
 NE2  5296 HIS   332 -  OP2  1475   G   671    4.113
 O    5300 ARG   333 -  C6   1597   A   676    4.297
 O    5300 ARG   333 -  N1   1599   A   676    3.778
 O    5300 ARG   333 -  C2   1600   A   676    3.911
 CD   5303 ARG   333 -  N4   1578   C   675    4.080
 NH1  5306 ARG   333 -  O6   1535   G   673    4.249
 NH1  5306 ARG   333 -  N4   1558   C   674    3.578
 CA   5309 HIS   334 -  C6   1597   A   676    4.027
 CA   5309 HIS   334 -  N6   1598   A   676    3.666
 CA   5309 HIS   334 -  N1   1599   A   676    3.993
 C    5310 HIS   334 -  N6   1598   A   676    3.907
 C    5310 HIS   334 -  N1   1599   A   676    4.191
 CB   5312 HIS   334 -  N6   1598   A   676    3.815
 CG   5313 HIS   334 -  N6   1598   A   676    4.102
 ND1  5314 HIS   334 -  C2   1574   C   675    3.997
 ND1  5314 HIS   334 -  O2   1575   C   675    3.504
 ND1  5314 HIS   334 -  N3   1576   C   675    4.285
 ND1  5314 HIS   334 -  N6   1598   A   676    4.145
 CD2  5315 HIS   334 -  O6   1535   G   673    4.059
 CD2  5315 HIS   334 -  N1   1536   G   673    4.089
 CD2  5315 HIS   334 -  C2   1554   C   674    3.808
 CD2  5315 HIS   334 -  O2   1555   C   674    3.176
 CD2  5315 HIS   334 -  N3   1556   C   674    3.573
 CE1  5316 HIS   334 -  C2   1554   C   674    3.964
 CE1  5316 HIS   334 -  O2   1555   C   674    3.770
 CE1  5316 HIS   334 -  N3   1556   C   674    3.332
 CE1  5316 HIS   334 -  C4   1557   C   674    4.257
 CE1  5316 HIS   334 -  C1'  1572   C   675    4.298
 CE1  5316 HIS   334 -  N1   1573   C   675    3.750
 CE1  5316 HIS   334 -  C2   1574   C   675    3.067
 CE1  5316 HIS   334 -  O2   1575   C   675    2.942
 CE1  5316 HIS   334 -  N3   1576   C   675    3.325
 CE1  5316 HIS   334 -  C4   1577   C   675    4.138
 NE2  5317 HIS   334 -  O6   1535   G   673    3.949
 NE2  5317 HIS   334 -  N1   1536   G   673    4.247
 NE2  5317 HIS   334 -  C2   1554   C   674    2.973
 NE2  5317 HIS   334 -  O2   1555   C   674    2.676
 NE2  5317 HIS   334 -  N3   1556   C   674    2.505
 NE2  5317 HIS   334 -  C4   1557   C   674    3.671
 NE2  5317 HIS   334 -  N4   1558   C   674    4.022
 NE2  5317 HIS   334 -  N1   1573   C   675    4.008
 NE2  5317 HIS   334 -  C2   1574   C   675    3.769
 NE2  5317 HIS   334 -  O2   1575   C   675    3.810
 NE2  5317 HIS   334 -  N3   1576   C   675    4.165
 N    5318 MET   335 -  C6   1597   A   676    3.780
 N    5318 MET   335 -  N6   1598   A   676    3.367
 N    5318 MET   335 -  N1   1599   A   676    3.349
 CA   5319 MET   335 -  N6   1598   A   676    4.186
 CA   5319 MET   335 -  N1   1599   A   676    4.166
 C    5320 MET   335 -  N6   1598   A   676    3.776
 O    5321 MET   335 -  C6   1597   A   676    3.920
 O    5321 MET   335 -  N6   1598   A   676    2.898
 O    5321 MET   335 -  N1   1599   A   676    4.142
 CB   5322 MET   335 -  N1   1599   A   676    4.146
 CB   5346 PHE   338 -  N1   1599   A   676    4.171
 CB   5346 PHE   338 -  C2   1600   A   676    3.963
 CG   5347 PHE   338 -  N1   1599   A   676    3.927
 CG   5347 PHE   338 -  C2   1600   A   676    3.686
 CG   5347 PHE   338 -  N3   1601   A   676    4.006
 CD1  5348 PHE   338 -  C2   1600   A   676    4.203
 CD1  5348 PHE   338 -  N3   1601   A   676    4.109
 CD2  5349 PHE   338 -  C5   1596   A   676    3.837
 CD2  5349 PHE   338 -  C6   1597   A   676    3.519
 CD2  5349 PHE   338 -  N6   1598   A   676    4.073
 CD2  5349 PHE   338 -  N1   1599   A   676    3.362
 CD2  5349 PHE   338 -  C2   1600   A   676    3.526
 CD2  5349 PHE   338 -  N3   1601   A   676    3.888
 CD2  5349 PHE   338 -  C4   1602   A   676    3.960
 CE1  5350 PHE   338 -  O4'  1587   A   676    4.263
 CE1  5350 PHE   338 -  N3   1601   A   676    4.092
 CE1  5350 PHE   338 -  C4   1602   A   676    4.206
 CE2  5351 PHE   338 -  N9   1593   A   676    4.070
 CE2  5351 PHE   338 -  C8   1594   A   676    4.183
 CE2  5351 PHE   338 -  N7   1595   A   676    3.838
 CE2  5351 PHE   338 -  C5   1596   A   676    3.367
 CE2  5351 PHE   338 -  C6   1597   A   676    3.521
 CE2  5351 PHE   338 -  N6   1598   A   676    4.089
 CE2  5351 PHE   338 -  N1   1599   A   676    3.805
 CE2  5351 PHE   338 -  C2   1600   A   676    3.920
 CE2  5351 PHE   338 -  N3   1601   A   676    3.880
 CE2  5351 PHE   338 -  C4   1602   A   676    3.535
 CZ   5352 PHE   338 -  O4'  1587   A   676    4.000
 CZ   5352 PHE   338 -  N9   1593   A   676    3.843
 CZ   5352 PHE   338 -  C8   1594   A   676    4.149
 CZ   5352 PHE   338 -  N7   1595   A   676    4.230
 CZ   5352 PHE   338 -  C5   1596   A   676    3.916
 CZ   5352 PHE   338 -  N3   1601   A   676    3.975
 CZ   5352 PHE   338 -  C4   1602   A   676    3.667
 OD2  6042 ASP   421 -  OP2  1563   C   675    3.803
 CB   6055 SER   423 -  OP1  1519   G   673    3.886
 N    6057 THR   424 -  OP2  1520   G   673    3.673
 CA   6058 THR   424 -  OP2  1520   G   673    4.278
 CB   6061 THR   424 -  OP2  1520   G   673    3.633
 OG1  6062 THR   424 -  P    1518   G   673    4.231
 OG1  6062 THR   424 -  OP2  1520   G   673    2.754
 OG1  6062 THR   424 -  N4   1558   C   674    3.722
 OG1  6062 THR   424 -  C5   1559   C   674    4.245
 CG2  6063 THR   424 -  N4   1558   C   674    4.074
 OE1  6088 GLU   427 -  N4   1578   C   675    4.124
 C    6523 GLU   478 -  O3'  1589   A   676    4.097
 C    6523 GLU   478 -  O2'  1591   A   676    3.843
 O    6524 GLU   478 -  O3'  1589   A   676    3.806
 O    6524 GLU   478 -  C2'  1590   A   676    4.221
 O    6524 GLU   478 -  O2'  1591   A   676    2.963
 CB   6525 GLU   478 -  N4   1578   C   675    4.136
 CG   6526 GLU   478 -  C3'  1588   A   676    4.202
 CG   6526 GLU   478 -  O2'  1591   A   676    4.094
 OE1  6528 GLU   478 -  C4   1577   C   675    3.874
 OE1  6528 GLU   478 -  N4   1578   C   675    4.015
 OE1  6528 GLU   478 -  C5   1579   C   675    3.850
 OE2  6529 GLU   478 -  C3'  1568   C   675    4.217
 OE2  6529 GLU   478 -  P    1581   A   676    4.142
 OE2  6529 GLU   478 -  OP2  1583   A   676    3.304
 OE2  6529 GLU   478 -  O5'  1584   A   676    3.855
 OE2  6529 GLU   478 -  C3'  1588   A   676    3.849
 OE2  6529 GLU   478 -  C2'  1590   A   676    4.017
 N    6530 ILE   479 -  O3'  1589   A   676    3.943
 CA   6531 ILE   479 -  O3'  1589   A   676    3.303
 C    6532 ILE   479 -  C3'  1588   A   676    3.984
 C    6532 ILE   479 -  O3'  1589   A   676    2.684
 O    6533 ILE   479 -  O3'  1589   A   676    2.925
 N    6538 LEU   480 -  C3'  1588   A   676    3.793
 N    6538 LEU   480 -  O3'  1589   A   676    2.839
 CA   6539 LEU   480 -  C3'  1588   A   676    4.063
 CA   6539 LEU   480 -  O3'  1589   A   676    3.375
 C    6540 LEU   480 -  C3'  1588   A   676    4.251
 C    6540 LEU   480 -  O3'  1589   A   676    4.045
 CB   6550 SER   481 -  OP2  1583   A   676    3.639
 CB   6550 SER   481 -  C5'  1585   A   676    3.878
 OG   6551 SER   481 -  OP2  1583   A   676    3.391
 O    6886 GLY   526 -  C5'  1585   A   676    3.712
 O    6886 GLY   526 -  C4'  1586   A   676    3.261
 O    6886 GLY   526 -  O4'  1587   A   676    4.242
 O    6886 GLY   526 -  C3'  1588   A   676    4.045
 O    6886 GLY   526 -  O3'  1589   A   676    3.863
 N    6895 GLY   528 -  O3'  1589   A   676    4.020
 CG   6921 ARG   531 -  N3   1601   A   676    4.058
 CD   6922 ARG   531 -  O2'  1591   A   676    3.417
 CD   6922 ARG   531 -  N3   1601   A   676    4.273
 NE   6923 ARG   531 -  O2'  1591   A   676    3.357
 NE   6923 ARG   531 -  C2   1600   A   676    4.114
 NE   6923 ARG   531 -  N3   1601   A   676    3.706
 NE   6923 ARG   531 -  C4   1602   A   676    3.972
 CZ   6924 ARG   531 -  C2   1574   C   675    3.654
 CZ   6924 ARG   531 -  O2   1575   C   675    3.212
 CZ   6924 ARG   531 -  N3   1576   C   675    3.230
 CZ   6924 ARG   531 -  C2'  1590   A   676    4.028
 CZ   6924 ARG   531 -  O2'  1591   A   676    3.026
 CZ   6924 ARG   531 -  N9   1593   A   676    4.168
 CZ   6924 ARG   531 -  N3   1601   A   676    4.264
 CZ   6924 ARG   531 -  C4   1602   A   676    4.098
 NH1  6925 ARG   531 -  C2   1574   C   675    3.517
 NH1  6925 ARG   531 -  O2   1575   C   675    3.458
 NH1  6925 ARG   531 -  N3   1576   C   675    2.766
 NH1  6925 ARG   531 -  C4   1577   C   675    3.680
 NH1  6925 ARG   531 -  N4   1578   C   675    3.750
 NH1  6925 ARG   531 -  C2'  1590   A   676    3.796
 NH1  6925 ARG   531 -  O2'  1591   A   676    2.627
 NH2  6926 ARG   531 -  C2   1574   C   675    2.952
 NH2  6926 ARG   531 -  O2   1575   C   675    2.366
 NH2  6926 ARG   531 -  N3   1576   C   675    2.845
 NH2  6926 ARG   531 -  C4   1577   C   675    4.112
 NH2  6926 ARG   531 -  O2'  1591   A   676    3.820
 NH2  6926 ARG   531 -  N9   1593   A   676    4.102
 NH2  6926 ARG   531 -  C8   1594   A   676    4.227
 NH2  6926 ARG   531 -  N7   1595   A   676    4.174
 NH2  6926 ARG   531 -  C5   1596   A   676    3.926
 NH2  6926 ARG   531 -  C4   1602   A   676    3.910
 CD1  7020 ILE   542 -  N1   1599   A   676    4.040
 CD1  7020 ILE   542 -  C2   1600   A   676    3.632
 CB   7110 LYS   553 -  C5'  1391   C   667    4.297
 CB   7110 LYS   553 -  P    1407   G   668    4.237
 CB   7110 LYS   553 -  OP1  1408   G   668    3.658
 CB   7110 LYS   553 -  OP2  1409   G   668    4.075
 CG   7111 LYS   553 -  P    1407   G   668    4.166
 CG   7111 LYS   553 -  OP1  1408   G   668    3.883
 CG   7111 LYS   553 -  OP2  1409   G   668    3.502
 CD   7112 LYS   553 -  OP1  1388   C   667    3.884
 CD   7112 LYS   553 -  OP2  1389   C   667    4.236
 CD   7112 LYS   553 -  O5'  1390   C   667    4.232
 CE   7113 LYS   553 -  OP3     1   U   601    3.923
 CE   7113 LYS   553 -  OP2  1389   C   667    4.228
 NZ   7114 LYS   553 -  OP3     1   U   601    2.897
 NZ   7114 LYS   553 -  P       2   U   601    3.757
 NZ   7114 LYS   553 -  OP1     3   U   601    3.610
 NZ   7114 LYS   553 -  OP2  1389   C   667    3.794
 CG   7559 ASN   117 -  OP2  2398   C   638    4.195
 OD1  7560 ASN   117 -  OP2  2398   C   638    3.808
 ND2  7561 ASN   117 -  OP1  2397   C   638    3.579
 ND2  7561 ASN   117 -  OP2  2398   C   638    4.105
 CG   7574 ARG   119 -  OP1  2397   C   638    4.048
 CG   7574 ARG   119 -  O5'  2399   C   638    3.960
 CD   7575 ARG   119 -  O2'  2342   U   635    4.014
 CD   7575 ARG   119 -  O2   2346   U   635    4.011
 CD   7575 ARG   119 -  C4'  2357   C   636    4.241
 CD   7575 ARG   119 -  O4'  2358   C   636    3.766
 CD   7575 ARG   119 -  P    2396   C   638    4.247
 CD   7575 ARG   119 -  OP2  2398   C   638    4.018
 CD   7575 ARG   119 -  O5'  2399   C   638    3.719
 NE   7576 ARG   119 -  O2   2346   U   635    3.697
 NE   7576 ARG   119 -  O4'  2358   C   636    4.163
 CZ   7577 ARG   119 -  C2   2345   U   635    4.186
 CZ   7577 ARG   119 -  O2   2346   U   635    3.150
 CZ   7577 ARG   119 -  O4'  2358   C   636    3.692
 CZ   7577 ARG   119 -  C1'  2363   C   636    4.001
 NH1  7578 ARG   119 -  C2   2345   U   635    3.553
 NH1  7578 ARG   119 -  O2   2346   U   635    2.760
 NH1  7578 ARG   119 -  N3   2347   U   635    4.025
 NH1  7578 ARG   119 -  C4'  2357   C   636    3.780
 NH1  7578 ARG   119 -  O4'  2358   C   636    2.511
 NH1  7578 ARG   119 -  C2'  2361   C   636    4.174
 NH1  7578 ARG   119 -  C1'  2363   C   636    2.820
 NH1  7578 ARG   119 -  N1   2364   C   636    3.430
 NH1  7578 ARG   119 -  C6   2371   C   636    3.754
 NH2  7579 ARG   119 -  O2   2346   U   635    3.683
 C    7582 GLN   120 -  N4   2413   C   638    3.612
 O    7583 GLN   120 -  C4   2412   C   638    4.249
 O    7583 GLN   120 -  N4   2413   C   638    3.106
 N    7589 GLN   121 -  N4   2413   C   638    3.850
 CA   7590 GLN   121 -  N3   2411   C   638    4.163
 CA   7590 GLN   121 -  C4   2412   C   638    4.288
 CA   7590 GLN   121 -  N4   2413   C   638    3.541
 O    7592 GLN   121 -  O5'  2292   U   633    3.860
 O    7592 GLN   121 -  C5'  2293   U   633    3.588
 O    7592 GLN   121 -  C4'  2294   U   633    3.851
 CB   7593 GLN   121 -  OP1  2310   G   634    4.265
 CB   7593 GLN   121 -  N3   2411   C   638    3.782
 CB   7593 GLN   121 -  N4   2413   C   638    4.062
 CG   7594 GLN   121 -  C2   2409   C   638    4.127
 CG   7594 GLN   121 -  O2   2410   C   638    4.157
 CG   7594 GLN   121 -  N3   2411   C   638    3.410
 CG   7594 GLN   121 -  C4   2412   C   638    4.108
 CG   7594 GLN   121 -  N4   2413   C   638    4.113
 CD   7595 GLN   121 -  C5'  2313   G   634    4.090
 CD   7595 GLN   121 -  C4'  2337   U   635    3.557
 CD   7595 GLN   121 -  O4'  2338   U   635    3.003
 CD   7595 GLN   121 -  C2'  2341   U   635    4.144
 CD   7595 GLN   121 -  O2'  2342   U   635    3.742
 CD   7595 GLN   121 -  C1'  2343   U   635    3.414
 CD   7595 GLN   121 -  C2   2409   C   638    3.522
 CD   7595 GLN   121 -  O2   2410   C   638    3.153
 CD   7595 GLN   121 -  N3   2411   C   638    3.273
 OE1  7596 GLN   121 -  OP1  2310   G   634    3.860
 OE1  7596 GLN   121 -  O5'  2312   G   634    3.483
 OE1  7596 GLN   121 -  C5'  2313   G   634    2.909
 OE1  7596 GLN   121 -  C4'  2314   G   634    3.425
 OE1  7596 GLN   121 -  O4'  2315   G   634    3.885
 OE1  7596 GLN   121 -  C5'  2336   U   635    3.849
 OE1  7596 GLN   121 -  C4'  2337   U   635    3.177
 OE1  7596 GLN   121 -  O4'  2338   U   635    2.634
 OE1  7596 GLN   121 -  O2'  2342   U   635    4.296
 OE1  7596 GLN   121 -  C1'  2343   U   635    3.517
 OE1  7596 GLN   121 -  C2   2409   C   638    4.147
 OE1  7596 GLN   121 -  O2   2410   C   638    3.511
 OE1  7596 GLN   121 -  N3   2411   C   638    3.995
 NE2  7597 GLN   121 -  C4'  2337   U   635    3.132
 NE2  7597 GLN   121 -  O4'  2338   U   635    2.745
 NE2  7597 GLN   121 -  C3'  2339   U   635    3.758
 NE2  7597 GLN   121 -  C2'  2341   U   635    3.104
 NE2  7597 GLN   121 -  O2'  2342   U   635    2.482
 NE2  7597 GLN   121 -  C1'  2343   U   635    2.720
 NE2  7597 GLN   121 -  N1   2344   U   635    4.120
 NE2  7597 GLN   121 -  N1   2408   C   638    3.911
 NE2  7597 GLN   121 -  C2   2409   C   638    2.888
 NE2  7597 GLN   121 -  O2   2410   C   638    2.495
 NE2  7597 GLN   121 -  N3   2411   C   638    3.057
 NE2  7597 GLN   121 -  C4   2412   C   638    4.142
 OG1  7612 THR   124 -  O4'  2295   U   633    3.914
 OG1  7612 THR   124 -  O2   2303   U   633    4.079
 CD1  7620 LEU   125 -  C8   2322   G   634    4.101
 CD1  7620 LEU   125 -  N7   2323   G   634    4.019
 CD2  7621 LEU   125 -  O2'  2299   U   633    4.106
 CD2  7621 LEU   125 -  C5'  2313   G   634    3.826
 CD2  7621 LEU   125 -  C4'  2314   G   634    4.177
 CD2  7621 LEU   125 -  O4'  2315   G   634    3.308
 CD2  7621 LEU   125 -  C1'  2320   G   634    4.224
 CD2  7621 LEU   125 -  N9   2321   G   634    4.003
 CD2  7621 LEU   125 -  C8   2322   G   634    3.430
 CD2  7621 LEU   125 -  N7   2323   G   634    4.134
 CB   7631 PHE   127 -  O2   2346   U   635    3.647
 CG   7632 PHE   127 -  C2   2345   U   635    3.606
 CG   7632 PHE   127 -  O2   2346   U   635    3.089
 CG   7632 PHE   127 -  N3   2347   U   635    4.115
 CD1  7633 PHE   127 -  C2   2345   U   635    3.482
 CD1  7633 PHE   127 -  O2   2346   U   635    3.187
 CD1  7633 PHE   127 -  N3   2347   U   635    3.507
 CD2  7634 PHE   127 -  O4'  2315   G   634    4.186
 CD2  7634 PHE   127 -  C1'  2343   U   635    3.859
 CD2  7634 PHE   127 -  N1   2344   U   635    3.791
 CD2  7634 PHE   127 -  C2   2345   U   635    3.531
 CD2  7634 PHE   127 -  O2   2346   U   635    3.303
 CD2  7634 PHE   127 -  N3   2347   U   635    4.228
 CE1  7635 PHE   127 -  N1   2344   U   635    4.081
 CE1  7635 PHE   127 -  C2   2345   U   635    3.285
 CE1  7635 PHE   127 -  O2   2346   U   635    3.500
 CE1  7635 PHE   127 -  N3   2347   U   635    2.944
 CE1  7635 PHE   127 -  C4   2348   U   635    3.518
 CE1  7635 PHE   127 -  O4   2349   U   635    3.909
 CE1  7635 PHE   127 -  C5   2350   U   635    4.278
 CE2  7636 PHE   127 -  C4'  2314   G   634    4.246
 CE2  7636 PHE   127 -  O4'  2315   G   634    3.103
 CE2  7636 PHE   127 -  C1'  2320   G   634    3.546
 CE2  7636 PHE   127 -  N9   2321   G   634    4.046
 CE2  7636 PHE   127 -  O4'  2338   U   635    4.055
 CE2  7636 PHE   127 -  C1'  2343   U   635    3.754
 CE2  7636 PHE   127 -  N1   2344   U   635    3.345
 CE2  7636 PHE   127 -  C2   2345   U   635    3.328
 CE2  7636 PHE   127 -  O2   2346   U   635    3.596
 CE2  7636 PHE   127 -  N3   2347   U   635    3.772
 CE2  7636 PHE   127 -  C4   2348   U   635    4.237
 CE2  7636 PHE   127 -  C5   2350   U   635    4.219
 CE2  7636 PHE   127 -  C6   2351   U   635    3.814
 CZ   7637 PHE   127 -  O4'  2315   G   634    3.751
 CZ   7637 PHE   127 -  C1'  2320   G   634    3.657
 CZ   7637 PHE   127 -  N9   2321   G   634    4.003
 CZ   7637 PHE   127 -  N3   2330   G   634    3.727
 CZ   7637 PHE   127 -  C4   2331   G   634    3.978
 CZ   7637 PHE   127 -  N1   2344   U   635    3.515
 CZ   7637 PHE   127 -  C2   2345   U   635    3.202
 CZ   7637 PHE   127 -  O2   2346   U   635    3.691
 CZ   7637 PHE   127 -  N3   2347   U   635    3.101
 CZ   7637 PHE   127 -  C4   2348   U   635    3.377
 CZ   7637 PHE   127 -  O4   2349   U   635    3.989
 CZ   7637 PHE   127 -  C5   2350   U   635    3.670
 CZ   7637 PHE   127 -  C6   2351   U   635    3.737
 CD   7723 GLN   138 -  C2   2345   U   635    4.261
 CD   7723 GLN   138 -  O2   2346   U   635    4.285
 CD   7723 GLN   138 -  N3   2347   U   635    3.322
 CD   7723 GLN   138 -  C4   2348   U   635    3.964
 CD   7723 GLN   138 -  O4   2349   U   635    3.704
 OE1  7724 GLN   138 -  C2   2345   U   635    3.341
 OE1  7724 GLN   138 -  O2   2346   U   635    3.180
 OE1  7724 GLN   138 -  N3   2347   U   635    2.671
 OE1  7724 GLN   138 -  C4   2348   U   635    3.664
 OE1  7724 GLN   138 -  O4   2349   U   635    3.776
 NE2  7725 GLN   138 -  N3   2347   U   635    3.385
 NE2  7725 GLN   138 -  C4   2348   U   635    3.551
 NE2  7725 GLN   138 -  O4   2349   U   635    2.903
 CD1  7736 LEU   140 -  N7   2323   G   634    4.149
 CD1  7736 LEU   140 -  C5   2324   G   634    3.733
 CD1  7736 LEU   140 -  C6   2325   G   634    3.499
 CD1  7736 LEU   140 -  O6   2326   G   634    3.611
 CD1  7736 LEU   140 -  N1   2327   G   634    3.920
 CE   7752 LYS   142 -  N7   2323   G   634    3.335
 CE   7752 LYS   142 -  C5   2324   G   634    4.091
 CE   7752 LYS   142 -  C6   2325   G   634    4.245
 CE   7752 LYS   142 -  O6   2326   G   634    3.735
 NZ   7753 LYS   142 -  C8   2322   G   634    4.246
 NZ   7753 LYS   142 -  N7   2323   G   634    3.029
 NZ   7753 LYS   142 -  C5   2324   G   634    3.555
 NZ   7753 LYS   142 -  C6   2325   G   634    3.454
 NZ   7753 LYS   142 -  O6   2326   G   634    2.754
 CE   7849 LYS   155 -  OP2  2228   G   630    4.274
 NZ   7850 LYS   155 -  OP2  2228   G   630    3.255
 OD1  7894 ASN   161 -  OP1  2184   G   628    4.075
 O    8015 GLU   177 -  N4   2369   C   636    3.738
 CG   8017 GLU   177 -  N4   2369   C   636    4.285
 C    8023 PRO   178 -  N4   2369   C   636    4.028
 O    8024 PRO   178 -  N3   2367   C   636    3.826
 O    8024 PRO   178 -  C4   2368   C   636    3.962
 O    8024 PRO   178 -  N4   2369   C   636    3.176
 CA   8029 ILE   179 -  C2   2365   C   636    4.202
 CA   8029 ILE   179 -  O2   2366   C   636    4.229
 CA   8029 ILE   179 -  N3   2367   C   636    3.357
 CA   8029 ILE   179 -  C4   2368   C   636    4.039
 CA   8029 ILE   179 -  N4   2369   C   636    3.904
 C    8030 ILE   179 -  C2   2365   C   636    4.190
 C    8030 ILE   179 -  O2   2366   C   636    3.826
 C    8030 ILE   179 -  N3   2367   C   636    3.644
 CB   8032 ILE   179 -  N3   2367   C   636    4.078
 CG2  8034 ILE   179 -  C2   2365   C   636    3.786
 CG2  8034 ILE   179 -  O2   2366   C   636    3.736
 CG2  8034 ILE   179 -  N3   2367   C   636    3.585
 CD1  8035 ILE   179 -  O4   2349   U   635    3.188
 CD1  8035 ILE   179 -  N4   2369   C   636    3.915
 N    8036 LYS   180 -  C2   2365   C   636    3.358
 N    8036 LYS   180 -  O2   2366   C   636    2.889
 N    8036 LYS   180 -  N3   2367   C   636    3.002
 N    8036 LYS   180 -  C4   2368   C   636    4.203
 CA   8037 LYS   180 -  C2   2365   C   636    4.132
 CA   8037 LYS   180 -  O2   2366   C   636    3.347
 CA   8037 LYS   180 -  N3   2367   C   636    4.104
 C    8038 LYS   180 -  O2   2366   C   636    3.266
 CB   8040 LYS   180 -  O2   2366   C   636    3.705
 CG   8041 LYS   180 -  C2'  2361   C   636    4.151
 CG   8041 LYS   180 -  C2   2365   C   636    3.484
 CG   8041 LYS   180 -  O2   2366   C   636    3.021
 CG   8041 LYS   180 -  N3   2367   C   636    3.726
 CE   8043 LYS   180 -  C3'  2359   C   636    4.248
 CE   8043 LYS   180 -  C2'  2361   C   636    4.101
 N    8045 SER   181 -  C2   2365   C   636    3.616
 N    8045 SER   181 -  O2   2366   C   636    2.425
 N    8045 SER   181 -  N3   2367   C   636    4.279
 CA   8046 SER   181 -  O2'  2362   C   636    4.273
 CA   8046 SER   181 -  O2   2366   C   636    3.346
 CB   8049 SER   181 -  C2'  2361   C   636    4.135
 CB   8049 SER   181 -  O2'  2362   C   636    3.522
 CB   8049 SER   181 -  C1'  2363   C   636    4.010
 CB   8049 SER   181 -  C2   2365   C   636    4.202
 CB   8049 SER   181 -  O2   2366   C   636    3.198
 OG   8050 SER   181 -  O2'  2362   C   636    4.168
 OG   8050 SER   181 -  C1'  2363   C   636    3.787
 OG   8050 SER   181 -  N1   2364   C   636    4.072
 OG   8050 SER   181 -  C2   2365   C   636    3.646
 OG   8050 SER   181 -  O2   2366   C   636    2.890
 CD   8101 GLU   188 -  N1   2327   G   634    4.281
 CD   8101 GLU   188 -  C2   2328   G   634    4.201
 CD   8101 GLU   188 -  N2   2329   G   634    3.415
 OE1  8102 GLU   188 -  N1   2327   G   634    4.226
 OE1  8102 GLU   188 -  C2   2328   G   634    3.949
 OE1  8102 GLU   188 -  N2   2329   G   634    3.316
 OE2  8103 GLU   188 -  N1   2327   G   634    3.492
 OE2  8103 GLU   188 -  C2   2328   G   634    3.621
 OE2  8103 GLU   188 -  N2   2329   G   634    2.900
 NE2  8121 HIS   190 -  C6   2325   G   634    4.257
 NE2  8121 HIS   190 -  O6   2326   G   634    3.604
 NE2  8121 HIS   190 -  N1   2327   G   634    4.213
 O    8213 GLU   202 -  C5'  2164   G   627    3.939
 O    8213 GLU   202 -  C4'  2165   G   627    3.991
 CB   8214 GLU   202 -  O3'  2168   G   627    4.013
 CB   8214 GLU   202 -  O2'  2170   G   627    4.048
 CG   8215 GLU   202 -  O3'  2168   G   627    4.051
 CG   8215 GLU   202 -  C5'  2187   G   628    3.965
 CB   8223 ALA   203 -  O2'  2147   G   626    3.650
 CB   8223 ALA   203 -  C4'  2165   G   627    4.240
 CA   8233 PRO   205 -  O2'  1805   G   610    3.571
 CB   8236 PRO   205 -  O2'  1805   G   610    3.968
 N    8239 ILE   206 -  O2'  1805   G   610    4.198
 CG   8252 LEU   207 -  C4'  2142   G   626    4.145
 CD1  8253 LEU   207 -  N2   1815   G   610    4.095
 CD2  8254 LEU   207 -  N2   1815   G   610    4.169
 CD2  8254 LEU   207 -  O2'  2127   U   625    3.920
 CD2  8254 LEU   207 -  C5'  2141   G   626    3.684
 CD2  8254 LEU   207 -  C4'  2142   G   626    3.342
 CD2  8254 LEU   207 -  O4'  2143   G   626    3.534
 OD1  8278 ASP   210 -  O2'  2127   U   625    4.268
 OD2  8279 ASP   210 -  O2'  1828   U   611    3.926
 O    8358 GLY   222 -  O2'  2105   A   624    3.461
 CD1  8365 LEU   223 -  O2'  2105   A   624    3.922
 CD1  8365 LEU   223 -  C5'  2121   U   625    3.356
 CD1  8365 LEU   223 -  C4'  2122   U   625    3.741
 CD1  8365 LEU   223 -  O4'  2123   U   625    4.207
 CA   8368 PRO   224 -  O4'  1844   U   612    3.868
 CA   8368 PRO   224 -  C1'  1849   U   612    4.067
 CB   8371 PRO   224 -  O4'  1844   U   612    3.584
 CB   8371 PRO   224 -  C1'  1849   U   612    3.960
 CG   8372 PRO   224 -  O2   1832   U   611    4.125
 CG   8372 PRO   224 -  O4'  2123   U   625    4.049
 CG   8372 PRO   224 -  C1'  2128   U   625    4.195
 CD   8373 PRO   224 -  O4'  2123   U   625    3.887
 N    8374 VAL   225 -  C4'  1843   U   612    3.916
 N    8374 VAL   225 -  O4'  1844   U   612    3.871
 C    8376 VAL   225 -  C5'  1842   U   612    3.843
 C    8376 VAL   225 -  C4'  1843   U   612    3.989
 O    8377 VAL   225 -  C5'  1842   U   612    2.948
 O    8377 VAL   225 -  C4'  1843   U   612    3.081
 O    8377 VAL   225 -  O4'  1844   U   612    3.950
 O    8377 VAL   225 -  C3'  1845   U   612    4.257
 O    8377 VAL   225 -  O3'  1846   U   612    4.299
 N    8381 VAL   226 -  C5'  1842   U   612    4.287
 CA   8382 VAL   226 -  OP1  1839   U   612    4.183
 CA   8382 VAL   226 -  C5'  1842   U   612    3.969
 C    8383 VAL   226 -  OP1  1839   U   612    3.961
 CG1  8386 VAL   226 -  O3'  1826   U   611    3.852
 CG1  8386 VAL   226 -  OP1  1839   U   612    4.103
 CG2  8387 VAL   226 -  O2'  1828   U   611    4.296
 N    8388 ASN   227 -  P    1838   U   612    4.029
 N    8388 ASN   227 -  OP1  1839   U   612    2.850
 N    8388 ASN   227 -  C5'  1842   U   612    3.876
 CA   8389 ASN   227 -  OP1  1839   U   612    3.363
 O    8391 ASN   227 -  OP1  1839   U   612    4.300
 CB   8392 ASN   227 -  P    1838   U   612    4.213
 CB   8392 ASN   227 -  OP1  1839   U   612    2.754
 CG   8393 ASN   227 -  P    1838   U   612    4.186
 CG   8393 ASN   227 -  OP1  1839   U   612    3.026
 CG   8393 ASN   227 -  O5'  1841   U   612    4.163
 CG   8393 ASN   227 -  C5'  1842   U   612    3.956
 OD1  8394 ASN   227 -  OP1  1839   U   612    3.910
 OD1  8394 ASN   227 -  C5'  1842   U   612    4.038
 OD1  8394 ASN   227 -  O3'  1846   U   612    3.937
 ND2  8395 ASN   227 -  P    1838   U   612    3.914
 ND2  8395 ASN   227 -  OP1  1839   U   612    3.050
 ND2  8395 ASN   227 -  O5'  1841   U   612    3.821
 ND2  8395 ASN   227 -  C5'  1842   U   612    4.014
 ND2  8395 ASN   227 -  O3'  1846   U   612    4.131
 CB   8408 ASP   229 -  C4'  3015   G   668    4.290
 CB   8408 ASP   229 -  O3'  3018   G   668    3.851
 CB   8408 ASP   229 -  OP1  3034   C   669    3.931
 CG   8409 ASP   229 -  C5'  3014   G   668    3.895
 CG   8409 ASP   229 -  C4'  3015   G   668    3.908
 OD1  8410 ASP   229 -  C5'  3014   G   668    3.540
 OD1  8410 ASP   229 -  C4'  3015   G   668    4.039
 OD2  8411 ASP   229 -  C4'  3015   G   668    4.133
 CB   8416 THR   230 -  OP1  1839   U   612    4.144
 OG1  8417 THR   230 -  O3'  1826   U   611    4.119
 OG1  8417 THR   230 -  P    1838   U   612    3.969
 OG1  8417 THR   230 -  OP1  1839   U   612    3.122
 CG2  8418 THR   230 -  OP1  1839   U   612    3.990
 CG2  8418 THR   230 -  OP2  1840   U   612    4.113
 CB   8824 SER   280 -  C8   3197   A   676    4.299
 CB   8824 SER   280 -  N7   3198   A   676    3.198
 CB   8824 SER   280 -  C5   3199   A   676    3.853
 CB   8824 SER   280 -  C6   3200   A   676    3.932
 CB   8824 SER   280 -  N6   3201   A   676    3.257
 OG   8825 SER   280 -  C8   3197   A   676    3.483
 OG   8825 SER   280 -  N7   3198   A   676    2.602
 OG   8825 SER   280 -  C5   3199   A   676    3.305
 OG   8825 SER   280 -  C6   3200   A   676    3.701
 OG   8825 SER   280 -  N6   3201   A   676    3.464
 CD   8832 GLU   281 -  C5'  3188   A   676    4.166
 CD   8832 GLU   281 -  O4'  3190   A   676    4.132
 CD   8832 GLU   281 -  C8   3197   A   676    3.446
 CD   8832 GLU   281 -  N7   3198   A   676    4.015
 OE1  8833 GLU   281 -  C8   3197   A   676    3.444
 OE1  8833 GLU   281 -  N7   3198   A   676    3.680
 OE2  8834 GLU   281 -  OP1  3185   A   676    4.111
 OE2  8834 GLU   281 -  C5'  3188   A   676    3.007
 OE2  8834 GLU   281 -  C4'  3189   A   676    3.573
 OE2  8834 GLU   281 -  O4'  3190   A   676    3.014
 OE2  8834 GLU   281 -  C1'  3195   A   676    3.897
 OE2  8834 GLU   281 -  N9   3196   A   676    3.801
 OE2  8834 GLU   281 -  C8   3197   A   676    3.170
 OE2  8834 GLU   281 -  N7   3198   A   676    4.092
 CA   8840 GLY   283 -  OP1  3185   A   676    3.244
 C    8841 GLY   283 -  O3'  3172   C   675    4.252
 C    8841 GLY   283 -  P    3184   A   676    4.261
 C    8841 GLY   283 -  OP1  3185   A   676    3.229
 O    8842 GLY   283 -  P    3184   A   676    4.255
 O    8842 GLY   283 -  OP1  3185   A   676    3.420
 O    8842 GLY   283 -  O5'  3187   A   676    4.258
 O    8842 GLY   283 -  C5'  3188   A   676    3.632
 N    8843 SER   284 -  C5'  3168   C   675    3.788
 N    8843 SER   284 -  C4'  3169   C   675    3.866
 N    8843 SER   284 -  O3'  3172   C   675    4.191
 N    8843 SER   284 -  OP1  3185   A   676    3.854
 CA   8844 SER   284 -  C5'  3168   C   675    4.294
 CA   8844 SER   284 -  C4'  3169   C   675    3.866
 CA   8844 SER   284 -  O3'  3172   C   675    4.258
 CB   8847 SER   284 -  O3'  3172   C   675    3.942
 OG   8848 SER   284 -  C4'  3169   C   675    3.616
 OG   8848 SER   284 -  C3'  3171   C   675    3.631
 OG   8848 SER   284 -  O3'  3172   C   675    2.753
 OG   8848 SER   284 -  C2'  3173   C   675    3.970
 OG   8848 SER   284 -  O2'  3174   C   675    3.130
 OG   8848 SER   284 -  P    3184   A   676    3.758
 OG   8848 SER   284 -  OP1  3185   A   676    4.047
 OG   8848 SER   284 -  O5'  3187   A   676    3.763
 OG   8848 SER   284 -  C5'  3188   A   676    4.088
 N    8980 SER   301 -  C2   3203   A   676    4.249
 CA   8981 SER   301 -  C2   3203   A   676    3.927
 C    8982 SER   301 -  N1   3202   A   676    4.177
 C    8982 SER   301 -  C2   3203   A   676    3.632
 O    8983 SER   301 -  N1   3202   A   676    3.261
 O    8983 SER   301 -  C2   3203   A   676    3.075
 O    8983 SER   301 -  N3   3204   A   676    4.195
 CB   8984 SER   301 -  O2'  3194   A   676    3.420
 CB   8984 SER   301 -  C2   3203   A   676    3.342
 CB   8984 SER   301 -  N3   3204   A   676    3.452
 OG   8985 SER   301 -  O2'  3194   A   676    3.543
 OG   8985 SER   301 -  C2   3203   A   676    3.591
 OG   8985 SER   301 -  N3   3204   A   676    3.632
 N    8993 GLN   303 -  N1   3202   A   676    4.159
 N    8993 GLN   303 -  C2   3203   A   676    3.471
 N    8993 GLN   303 -  N3   3204   A   676    4.182
 CA   8994 GLN   303 -  C2   3203   A   676    3.761
 CA   8994 GLN   303 -  N3   3204   A   676    4.149
 CB   8997 GLN   303 -  O2'  3194   A   676    4.130
 CB   8997 GLN   303 -  N1   3202   A   676    4.116
 CB   8997 GLN   303 -  C2   3203   A   676    3.088
 CB   8997 GLN   303 -  N3   3204   A   676    3.010
 CB   8997 GLN   303 -  C4   3205   A   676    4.041
 CG   8998 GLN   303 -  C2   3203   A   676    3.694
 CG   8998 GLN   303 -  N3   3204   A   676    3.345
 CG   8998 GLN   303 -  C4   3205   A   676    3.927
 N    9002 PHE   304 -  N1   3202   A   676    3.843
 N    9002 PHE   304 -  C2   3203   A   676    3.838
 CB   9006 PHE   304 -  N1   3202   A   676    4.242
 CG   9007 PHE   304 -  C6   3200   A   676    3.701
 CG   9007 PHE   304 -  N6   3201   A   676    3.594
 CG   9007 PHE   304 -  N1   3202   A   676    3.885
 CD1  9008 PHE   304 -  C5   3199   A   676    4.048
 CD1  9008 PHE   304 -  C6   3200   A   676    3.830
 CD1  9008 PHE   304 -  N6   3201   A   676    4.101
 CD1  9008 PHE   304 -  N1   3202   A   676    4.060
 CD2  9009 PHE   304 -  C5   3199   A   676    4.248
 CD2  9009 PHE   304 -  C6   3200   A   676    3.525
 CD2  9009 PHE   304 -  N6   3201   A   676    2.965
 CD2  9009 PHE   304 -  N1   3202   A   676    4.085
 CE1  9010 PHE   304 -  C8   3197   A   676    4.207
 CE1  9010 PHE   304 -  N7   3198   A   676    3.734
 CE1  9010 PHE   304 -  C5   3199   A   676    3.602
 CE1  9010 PHE   304 -  C6   3200   A   676    3.800
 CE1  9010 PHE   304 -  N6   3201   A   676    4.083
 CE1  9010 PHE   304 -  C4   3205   A   676    4.098
 CE2  9011 PHE   304 -  N7   3198   A   676    3.834
 CE2  9011 PHE   304 -  C5   3199   A   676    3.820
 CE2  9011 PHE   304 -  C6   3200   A   676    3.486
 CE2  9011 PHE   304 -  N6   3201   A   676    2.929
 CZ   9012 PHE   304 -  C8   3197   A   676    4.040
 CZ   9012 PHE   304 -  N7   3198   A   676    3.279
 CZ   9012 PHE   304 -  C5   3199   A   676    3.471
 CZ   9012 PHE   304 -  C6   3200   A   676    3.627
 CZ   9012 PHE   304 -  N6   3201   A   676    3.538
 NH2  9190 ARG   325 -  O2'  3174   C   675    4.159
 CB   9200 GLU   327 -  O2   3158   C   674    4.255
 CG   9201 GLU   327 -  C4'  3169   C   675    4.221
 CG   9201 GLU   327 -  O4'  3170   C   675    3.879
 CD   9202 GLU   327 -  O2'  3154   C   674    4.101
 CD   9202 GLU   327 -  C5'  3168   C   675    3.943
 CD   9202 GLU   327 -  C4'  3169   C   675    3.660
 CD   9202 GLU   327 -  O4'  3170   C   675    3.501
 OE1  9203 GLU   327 -  C3'  3151   C   674    4.175
 OE1  9203 GLU   327 -  O3'  3152   C   674    4.206
 OE1  9203 GLU   327 -  C2'  3153   C   674    3.181
 OE1  9203 GLU   327 -  O2'  3154   C   674    3.200
 OE1  9203 GLU   327 -  O5'  3167   C   675    4.008
 OE1  9203 GLU   327 -  C5'  3168   C   675    3.147
 OE1  9203 GLU   327 -  C4'  3169   C   675    3.008
 OE1  9203 GLU   327 -  O4'  3170   C   675    2.609
 OE1  9203 GLU   327 -  C1'  3175   C   675    3.867
 C    9207 ASN   328 -  N2   3141   G   673    4.163
 C    9207 ASN   328 -  O2   3158   C   674    4.009
 O    9208 ASN   328 -  N3   1620   U   601    4.004
 O    9208 ASN   328 -  C4   1621   U   601    3.344
 O    9208 ASN   328 -  O4   1622   U   601    3.495
 O    9208 ASN   328 -  C5   1623   U   601    3.273
 O    9208 ASN   328 -  C6   1624   U   601    3.896
 O    9208 ASN   328 -  N1   3139   G   673    3.667
 O    9208 ASN   328 -  C2   3140   G   673    3.932
 O    9208 ASN   328 -  N2   3141   G   673    3.182
 O    9208 ASN   328 -  O2   3158   C   674    3.915
 CG   9210 ASN   328 -  OP2  1607   U   601    3.395
 CG   9210 ASN   328 -  C5   1623   U   601    4.010
 CG   9210 ASN   328 -  C6   1624   U   601    4.103
 OD1  9211 ASN   328 -  OP2  1607   U   601    3.475
 OD1  9211 ASN   328 -  C5   1623   U   601    3.647
 OD1  9211 ASN   328 -  C6   1624   U   601    4.111
 ND2  9212 ASN   328 -  P    1605   U   601    3.817
 ND2  9212 ASN   328 -  OP1  1606   U   601    4.002
 ND2  9212 ASN   328 -  OP2  1607   U   601    2.714
 N    9213 SER   329 -  O2   3158   C   674    3.887
 CA   9214 SER   329 -  C6   3137   G   673    3.987
 CA   9214 SER   329 -  O6   3138   G   673    3.573
 CA   9214 SER   329 -  N1   3139   G   673    3.533
 CA   9214 SER   329 -  O2   3158   C   674    3.884
 CA   9214 SER   329 -  N3   3159   C   674    3.941
 C    9215 SER   329 -  O4   1622   U   601    4.100
 C    9215 SER   329 -  O6   3138   G   673    4.068
 CB   9217 SER   329 -  C6   3137   G   673    4.158
 CB   9217 SER   329 -  O6   3138   G   673    3.511
 CB   9217 SER   329 -  N1   3139   G   673    4.120
 CB   9217 SER   329 -  C2   3157   C   674    4.185
 CB   9217 SER   329 -  O2   3158   C   674    4.030
 CB   9217 SER   329 -  N3   3159   C   674    3.424
 CB   9217 SER   329 -  N4   3161   C   674    4.265
 OG   9218 SER   329 -  C6   3137   G   673    4.140
 OG   9218 SER   329 -  O6   3138   G   673    3.765
 OG   9218 SER   329 -  N1   3139   G   673    4.080
 OG   9218 SER   329 -  C2   3157   C   674    3.120
 OG   9218 SER   329 -  O2   3158   C   674    3.092
 OG   9218 SER   329 -  N3   3159   C   674    2.454
 OG   9218 SER   329 -  C4   3160   C   674    3.424
 OG   9218 SER   329 -  N4   3161   C   674    3.660
 N    9219 ASN   330 -  O4   1622   U   601    3.433
 N    9219 ASN   330 -  N6   3116   A   672    4.239
 N    9219 ASN   330 -  C6   3137   G   673    4.256
 N    9219 ASN   330 -  O6   3138   G   673    3.548
 N    9219 ASN   330 -  N1   3139   G   673    4.137
 CA   9220 ASN   330 -  O4   1622   U   601    3.920
 C    9221 ASN   330 -  N6   3116   A   672    4.295
 C    9221 ASN   330 -  O6   3138   G   673    4.242
 O    9222 ASN   330 -  O4   1622   U   601    4.233
 O    9222 ASN   330 -  N6   3116   A   672    3.302
 O    9222 ASN   330 -  O6   3138   G   673    3.792
 CB   9223 ASN   330 -  O4   1622   U   601    3.217
 CG   9224 ASN   330 -  C4   1621   U   601    4.267
 CG   9224 ASN   330 -  O4   1622   U   601    3.470
 CG   9224 ASN   330 -  C5   1623   U   601    4.293
 ND2  9226 ASN   330 -  C4   1621   U   601    3.330
 ND2  9226 ASN   330 -  O4   1622   U   601    2.829
 ND2  9226 ASN   330 -  C5   1623   U   601    3.133
 OG1  9232 THR   331 -  C6   3137   G   673    4.075
 OG1  9232 THR   331 -  O6   3138   G   673    2.886
 ND1  9261 HIS   334 -  N4   3161   C   674    3.979
 CD2  9262 HIS   334 -  N4   3161   C   674    4.043
 CE1  9263 HIS   334 -  C4   3160   C   674    4.200
 CE1  9263 HIS   334 -  N4   3161   C   674    3.340
 CE1  9263 HIS   334 -  O2   3178   C   675    3.269
 NE2  9264 HIS   334 -  N4   3161   C   674    3.361
 NE2  9264 HIS   334 -  O2   3178   C   675    3.989
 CA   9999 SER   423 -  OP1  3122   G   673    3.637
 C   10000 SER   423 -  OP1  3122   G   673    4.181
 CB  10002 SER   423 -  OP1  3122   G   673    3.088
 OG  10003 SER   423 -  OP1  3122   G   673    4.177
 N   10004 THR   424 -  OP1  3122   G   673    3.657
 N   10004 THR   424 -  OP2  3123   G   673    3.865
 CA  10005 THR   424 -  OP2  3123   G   673    4.274
 CB  10008 THR   424 -  P    3099   A   672    4.262
 CB  10008 THR   424 -  OP1  3100   A   672    3.674
 CB  10008 THR   424 -  O5'  3102   A   672    4.279
 CB  10008 THR   424 -  OP2  3123   G   673    3.402
 OG1 10009 THR   424 -  P    3121   G   673    3.733
 OG1 10009 THR   424 -  OP1  3122   G   673    4.009
 OG1 10009 THR   424 -  OP2  3123   G   673    2.439
 CG2 10010 THR   424 -  P    3099   A   672    4.005
 CG2 10010 THR   424 -  OP1  3100   A   672    3.545
 CG2 10010 THR   424 -  OP2  3101   A   672    3.620
 N   10011 GLU   425 -  OP1  3100   A   672    3.915
 CA  10012 GLU   425 -  OP1  3100   A   672    4.250
 CB  10015 GLU   425 -  OP1  3100   A   672    4.298
 CG  10016 GLU   425 -  OP1  3100   A   672    3.304
 CG  10016 GLU   425 -  C5'  3103   A   672    3.995
 CD  10017 GLU   425 -  OP1  3100   A   672    3.726
 CD  10017 GLU   425 -  C5'  3103   A   672    3.559
 CD  10017 GLU   425 -  O3'  3107   A   672    3.915
 CD  10017 GLU   425 -  OP1  3122   G   673    4.025
 OE1 10018 GLU   425 -  O3'  3107   A   672    3.946
 OE1 10018 GLU   425 -  OP1  3122   G   673    3.766
 OE2 10019 GLU   425 -  P    3099   A   672    4.004
 OE2 10019 GLU   425 -  OP1  3100   A   672    3.256
 OE2 10019 GLU   425 -  O5'  3102   A   672    3.498
 OE2 10019 GLU   425 -  C5'  3103   A   672    3.018
 OE2 10019 GLU   425 -  C4'  3104   A   672    3.824
 OE2 10019 GLU   425 -  C3'  3106   A   672    3.815
 OE2 10019 GLU   425 -  O3'  3107   A   672    3.250
 OE2 10019 GLU   425 -  P    3121   G   673    3.453
 OE2 10019 GLU   425 -  OP1  3122   G   673    3.425
 OE2 10019 GLU   425 -  OP2  3123   G   673    3.328
 CE  10044 LYS   428 -  OP1  3100   A   672    3.919
 NZ  10045 LYS   428 -  P    3099   A   672    4.038
 NZ  10045 LYS   428 -  OP1  3100   A   672    3.518
 NZ  10045 LYS   428 -  OP2  3101   A   672    3.508
 CB  10270 PRO   454 -  C5'  3188   A   676    4.250
 CB  10270 PRO   454 -  C4'  3189   A   676    3.687
 CB  10270 PRO   454 -  O4'  3190   A   676    3.593
 CG  10271 PRO   454 -  C4'  3189   A   676    3.850
 CG  10271 PRO   454 -  O4'  3190   A   676    3.965
 CE2 10293 TYR   456 -  O4'  3190   A   676    3.517
 CE2 10293 TYR   456 -  C1'  3195   A   676    3.473
 CE2 10293 TYR   456 -  N9   3196   A   676    3.689
 CE2 10293 TYR   456 -  C8   3197   A   676    3.918
 CZ  10294 TYR   456 -  O4'  3190   A   676    3.655
 CZ  10294 TYR   456 -  C1'  3195   A   676    3.550
 CZ  10294 TYR   456 -  N9   3196   A   676    4.209
 OH  10295 TYR   456 -  C4'  3189   A   676    3.508
 OH  10295 TYR   456 -  O4'  3190   A   676    2.978
 OH  10295 TYR   456 -  C3'  3191   A   676    3.610
 OH  10295 TYR   456 -  O3'  3192   A   676    3.074
 OH  10295 TYR   456 -  C2'  3193   A   676    3.665
 OH  10295 TYR   456 -  O2'  3194   A   676    3.900
 OH  10295 TYR   456 -  C1'  3195   A   676    2.757
 OH  10295 TYR   456 -  N9   3196   A   676    3.791
 CB  11057 LYS   553 -  O3'  2998   C   667    4.272
 CB  11057 LYS   553 -  P    3010   G   668    4.295
 CB  11057 LYS   553 -  OP1  3011   G   668    3.749
 CG  11058 LYS   553 -  OP1  2991   C   667    4.174
 CG  11058 LYS   553 -  OP1  3011   G   668    4.209
 CG  11058 LYS   553 -  OP2  3012   G   668    3.805
 CD  11059 LYS   553 -  OP2  3012   G   668    3.852
 NZ  11061 LYS   553 -  OP2  1607   U   601    3.946
